Performing C SOURCE FILE Test C_SUPPORTS_WERROR_UNGUARDED_AVAILABILITY_NEW failed with the following output:
Change Dir: /home/blubridge-040/Desktop/permanant/binary-function-definition/build/CMakeFiles/CMakeTmp

Run Build Command(s):/usr/bin/gmake -f Makefile cmTC_21176/fast && /usr/bin/gmake  -f CMakeFiles/cmTC_21176.dir/build.make CMakeFiles/cmTC_21176.dir/build
gmake[1]: Entering directory '/home/blubridge-040/Desktop/permanant/binary-function-definition/build/CMakeFiles/CMakeTmp'
Building C object CMakeFiles/cmTC_21176.dir/src.c.o
/usr/bin/cc -DC_SUPPORTS_WERROR_UNGUARDED_AVAILABILITY_NEW  -fPIC -fno-semantic-interposition -Werror=date-time  -fPIE   -Werror -Werror=unguarded-availability-new -o CMakeFiles/cmTC_21176.dir/src.c.o -c /home/blubridge-040/Desktop/permanant/binary-function-definition/build/CMakeFiles/CMakeTmp/src.c
cc1: error: '-Werror=unguarded-availability-new': no option '-Wunguarded-availability-new'
gmake[1]: *** [CMakeFiles/cmTC_21176.dir/build.make:78: CMakeFiles/cmTC_21176.dir/src.c.o] Error 1
gmake[1]: Leaving directory '/home/blubridge-040/Desktop/permanant/binary-function-definition/build/CMakeFiles/CMakeTmp'
gmake: *** [Makefile:127: cmTC_21176/fast] Error 2


Source file was:
int main(void) { return 0; }
Performing C++ SOURCE FILE Test CXX_SUPPORTS_WERROR_UNGUARDED_AVAILABILITY_NEW failed with the following output:
Change Dir: /home/blubridge-040/Desktop/permanant/binary-function-definition/build/CMakeFiles/CMakeTmp

Run Build Command(s):/usr/bin/gmake -f Makefile cmTC_29eb5/fast && /usr/bin/gmake  -f CMakeFiles/cmTC_29eb5.dir/build.make CMakeFiles/cmTC_29eb5.dir/build
gmake[1]: Entering directory '/home/blubridge-040/Desktop/permanant/binary-function-definition/build/CMakeFiles/CMakeTmp'
Building CXX object CMakeFiles/cmTC_29eb5.dir/src.cxx.o
/usr/bin/c++ -DCXX_SUPPORTS_WERROR_UNGUARDED_AVAILABILITY_NEW  -fPIC -fno-semantic-interposition -fvisibility-inlines-hidden -Werror=date-time  -fPIE   -Werror -Werror=unguarded-availability-new -o CMakeFiles/cmTC_29eb5.dir/src.cxx.o -c /home/blubridge-040/Desktop/permanant/binary-function-definition/build/CMakeFiles/CMakeTmp/src.cxx
cc1plus: error: '-Werror=unguarded-availability-new': no option '-Wunguarded-availability-new'
gmake[1]: *** [CMakeFiles/cmTC_29eb5.dir/build.make:78: CMakeFiles/cmTC_29eb5.dir/src.cxx.o] Error 1
gmake[1]: Leaving directory '/home/blubridge-040/Desktop/permanant/binary-function-definition/build/CMakeFiles/CMakeTmp'
gmake: *** [Makefile:127: cmTC_29eb5/fast] Error 2


Source file was:
int main() { return 0; }
Performing C SOURCE FILE Test C_SUPPORTS_COVERED_SWITCH_DEFAULT_FLAG failed with the following output:
Change Dir: /home/blubridge-040/Desktop/permanant/binary-function-definition/build/CMakeFiles/CMakeTmp

Run Build Command(s):/usr/bin/gmake -f Makefile cmTC_64421/fast && /usr/bin/gmake  -f CMakeFiles/cmTC_64421.dir/build.make CMakeFiles/cmTC_64421.dir/build
gmake[1]: Entering directory '/home/blubridge-040/Desktop/permanant/binary-function-definition/build/CMakeFiles/CMakeTmp'
Building C object CMakeFiles/cmTC_64421.dir/src.c.o
/usr/bin/cc -DC_SUPPORTS_COVERED_SWITCH_DEFAULT_FLAG  -fPIC -fno-semantic-interposition -Werror=date-time -fno-lifetime-dse -Wall -Wextra -Wno-unused-parameter -Wwrite-strings -Wcast-qual -Wno-missing-field-initializers -Wimplicit-fallthrough  -fPIE   -Werror -Wcovered-switch-default -o CMakeFiles/cmTC_64421.dir/src.c.o -c /home/blubridge-040/Desktop/permanant/binary-function-definition/build/CMakeFiles/CMakeTmp/src.c
cc: error: unrecognized command-line option '-Wcovered-switch-default'; did you mean '-Wno-switch-default'?
gmake[1]: *** [CMakeFiles/cmTC_64421.dir/build.make:78: CMakeFiles/cmTC_64421.dir/src.c.o] Error 1
gmake[1]: Leaving directory '/home/blubridge-040/Desktop/permanant/binary-function-definition/build/CMakeFiles/CMakeTmp'
gmake: *** [Makefile:127: cmTC_64421/fast] Error 2


Source file was:
int main(void) { return 0; }
Performing C++ SOURCE FILE Test CXX_SUPPORTS_COVERED_SWITCH_DEFAULT_FLAG failed with the following output:
Change Dir: /home/blubridge-040/Desktop/permanant/binary-function-definition/build/CMakeFiles/CMakeTmp

Run Build Command(s):/usr/bin/gmake -f Makefile cmTC_aad5b/fast && /usr/bin/gmake  -f CMakeFiles/cmTC_aad5b.dir/build.make CMakeFiles/cmTC_aad5b.dir/build
gmake[1]: Entering directory '/home/blubridge-040/Desktop/permanant/binary-function-definition/build/CMakeFiles/CMakeTmp'
Building CXX object CMakeFiles/cmTC_aad5b.dir/src.cxx.o
/usr/bin/c++ -DCXX_SUPPORTS_COVERED_SWITCH_DEFAULT_FLAG  -fPIC -fno-semantic-interposition -fvisibility-inlines-hidden -Werror=date-time -fno-lifetime-dse -Wall -Wextra -Wno-unused-parameter -Wwrite-strings -Wcast-qual -Wno-missing-field-initializers -Wimplicit-fallthrough  -fPIE   -Werror -Wcovered-switch-default -o CMakeFiles/cmTC_aad5b.dir/src.cxx.o -c /home/blubridge-040/Desktop/permanant/binary-function-definition/build/CMakeFiles/CMakeTmp/src.cxx
c++: error: unrecognized command-line option '-Wcovered-switch-default'; did you mean '-Wno-switch-default'?
gmake[1]: *** [CMakeFiles/cmTC_aad5b.dir/build.make:78: CMakeFiles/cmTC_aad5b.dir/src.cxx.o] Error 1
gmake[1]: Leaving directory '/home/blubridge-040/Desktop/permanant/binary-function-definition/build/CMakeFiles/CMakeTmp'
gmake: *** [Makefile:127: cmTC_aad5b/fast] Error 2


Source file was:
int main() { return 0; }
Performing C++ SOURCE FILE Test CXX_WONT_WARN_ON_FINAL_NONVIRTUALDTOR failed with the following output:
Change Dir: /home/blubridge-040/Desktop/permanant/binary-function-definition/build/CMakeFiles/CMakeTmp

Run Build Command(s):/usr/bin/gmake -f Makefile cmTC_42d49/fast && /usr/bin/gmake  -f CMakeFiles/cmTC_42d49.dir/build.make CMakeFiles/cmTC_42d49.dir/build
gmake[1]: Entering directory '/home/blubridge-040/Desktop/permanant/binary-function-definition/build/CMakeFiles/CMakeTmp'
Building CXX object CMakeFiles/cmTC_42d49.dir/src.cxx.o
/usr/bin/c++ -DCXX_WONT_WARN_ON_FINAL_NONVIRTUALDTOR  -fPIC -fno-semantic-interposition -fvisibility-inlines-hidden -Werror=date-time -fno-lifetime-dse -Wall -Wextra -Wno-unused-parameter -Wwrite-strings -Wcast-qual -Wno-missing-field-initializers -Wimplicit-fallthrough -Wno-nonnull -Wno-class-memaccess -Wno-redundant-move -Wno-pessimizing-move -Wno-noexcept-type  -Werror=non-virtual-dtor -fPIE -o CMakeFiles/cmTC_42d49.dir/src.cxx.o -c /home/blubridge-040/Desktop/permanant/binary-function-definition/build/CMakeFiles/CMakeTmp/src.cxx
/home/blubridge-040/Desktop/permanant/binary-function-definition/build/CMakeFiles/CMakeTmp/src.cxx:2:36: error: ‘class base’ has virtual functions and accessible non-virtual destructor [-Werror=non-virtual-dtor]
    2 |                              class base {friend f; public: virtual void anchor();protected: ~base();};
      |                                    ^~~~
cc1plus: some warnings being treated as errors
gmake[1]: *** [CMakeFiles/cmTC_42d49.dir/build.make:78: CMakeFiles/cmTC_42d49.dir/src.cxx.o] Error 1
gmake[1]: Leaving directory '/home/blubridge-040/Desktop/permanant/binary-function-definition/build/CMakeFiles/CMakeTmp'
gmake: *** [Makefile:127: cmTC_42d49/fast] Error 2


Source file was:
class f {};
                             class base {friend f; public: virtual void anchor();protected: ~base();};
                             int main() { return 0; }
Performing C SOURCE FILE Test C_WCOMMENT_ALLOWS_LINE_WRAP failed with the following output:
Change Dir: /home/blubridge-040/Desktop/permanant/binary-function-definition/build/CMakeFiles/CMakeTmp

Run Build Command(s):/usr/bin/gmake -f Makefile cmTC_60776/fast && /usr/bin/gmake  -f CMakeFiles/cmTC_60776.dir/build.make CMakeFiles/cmTC_60776.dir/build
gmake[1]: Entering directory '/home/blubridge-040/Desktop/permanant/binary-function-definition/build/CMakeFiles/CMakeTmp'
Building C object CMakeFiles/cmTC_60776.dir/src.c.o
/usr/bin/cc -DC_WCOMMENT_ALLOWS_LINE_WRAP  -fPIC -fno-semantic-interposition -Werror=date-time -fno-lifetime-dse -Wall -Wextra -Wno-unused-parameter -Wwrite-strings -Wcast-qual -Wno-missing-field-initializers -Wimplicit-fallthrough  -Werror -Wcomment -fPIE -o CMakeFiles/cmTC_60776.dir/src.c.o -c /home/blubridge-040/Desktop/permanant/binary-function-definition/build/CMakeFiles/CMakeTmp/src.c
/home/blubridge-040/Desktop/permanant/binary-function-definition/build/CMakeFiles/CMakeTmp/src.c:1:1: error: multi-line comment [-Werror=comment]
    1 | // \
      | ^
cc1: all warnings being treated as errors
gmake[1]: *** [CMakeFiles/cmTC_60776.dir/build.make:78: CMakeFiles/cmTC_60776.dir/src.c.o] Error 1
gmake[1]: Leaving directory '/home/blubridge-040/Desktop/permanant/binary-function-definition/build/CMakeFiles/CMakeTmp'
gmake: *** [Makefile:127: cmTC_60776/fast] Error 2


Source file was:
// \
//
int main(void) {return 0;}
Performing C SOURCE FILE Test C_SUPPORTS_STRING_CONVERSION_FLAG failed with the following output:
Change Dir: /home/blubridge-040/Desktop/permanant/binary-function-definition/build/CMakeFiles/CMakeTmp

Run Build Command(s):/usr/bin/gmake -f Makefile cmTC_b6af1/fast && /usr/bin/gmake  -f CMakeFiles/cmTC_b6af1.dir/build.make CMakeFiles/cmTC_b6af1.dir/build
gmake[1]: Entering directory '/home/blubridge-040/Desktop/permanant/binary-function-definition/build/CMakeFiles/CMakeTmp'
Building C object CMakeFiles/cmTC_b6af1.dir/src.c.o
/usr/bin/cc -DC_SUPPORTS_STRING_CONVERSION_FLAG  -fPIC -fno-semantic-interposition -Werror=date-time -fno-lifetime-dse -Wall -Wextra -Wno-unused-parameter -Wwrite-strings -Wcast-qual -Wno-missing-field-initializers -Wimplicit-fallthrough -Wno-comment  -fPIE   -Werror -Wstring-conversion -o CMakeFiles/cmTC_b6af1.dir/src.c.o -c /home/blubridge-040/Desktop/permanant/binary-function-definition/build/CMakeFiles/CMakeTmp/src.c
cc: error: unrecognized command-line option '-Wstring-conversion'; did you mean '-Wsign-conversion'?
gmake[1]: *** [CMakeFiles/cmTC_b6af1.dir/build.make:78: CMakeFiles/cmTC_b6af1.dir/src.c.o] Error 1
gmake[1]: Leaving directory '/home/blubridge-040/Desktop/permanant/binary-function-definition/build/CMakeFiles/CMakeTmp'
gmake: *** [Makefile:127: cmTC_b6af1/fast] Error 2


Source file was:
int main(void) { return 0; }
Performing C++ SOURCE FILE Test CXX_SUPPORTS_STRING_CONVERSION_FLAG failed with the following output:
Change Dir: /home/blubridge-040/Desktop/permanant/binary-function-definition/build/CMakeFiles/CMakeTmp

Run Build Command(s):/usr/bin/gmake -f Makefile cmTC_99e7c/fast && /usr/bin/gmake  -f CMakeFiles/cmTC_99e7c.dir/build.make CMakeFiles/cmTC_99e7c.dir/build
gmake[1]: Entering directory '/home/blubridge-040/Desktop/permanant/binary-function-definition/build/CMakeFiles/CMakeTmp'
Building CXX object CMakeFiles/cmTC_99e7c.dir/src.cxx.o
/usr/bin/c++ -DCXX_SUPPORTS_STRING_CONVERSION_FLAG  -fPIC -fno-semantic-interposition -fvisibility-inlines-hidden -Werror=date-time -fno-lifetime-dse -Wall -Wextra -Wno-unused-parameter -Wwrite-strings -Wcast-qual -Wno-missing-field-initializers -Wimplicit-fallthrough -Wno-nonnull -Wno-class-memaccess -Wno-redundant-move -Wno-pessimizing-move -Wno-noexcept-type -Wdelete-non-virtual-dtor -Wsuggest-override -Wno-comment  -fPIE   -Werror -Wstring-conversion -o CMakeFiles/cmTC_99e7c.dir/src.cxx.o -c /home/blubridge-040/Desktop/permanant/binary-function-definition/build/CMakeFiles/CMakeTmp/src.cxx
c++: error: unrecognized command-line option '-Wstring-conversion'; did you mean '-Wsign-conversion'?
gmake[1]: *** [CMakeFiles/cmTC_99e7c.dir/build.make:78: CMakeFiles/cmTC_99e7c.dir/src.cxx.o] Error 1
gmake[1]: Leaving directory '/home/blubridge-040/Desktop/permanant/binary-function-definition/build/CMakeFiles/CMakeTmp'
gmake: *** [Makefile:127: cmTC_99e7c/fast] Error 2


Source file was:
int main() { return 0; }
Performing C SOURCE FILE Test C_SUPPORTS_CTAD_MAYBE_UNSPPORTED_FLAG failed with the following output:
Change Dir: /home/blubridge-040/Desktop/permanant/binary-function-definition/build/CMakeFiles/CMakeTmp

Run Build Command(s):/usr/bin/gmake -f Makefile cmTC_7fc40/fast && /usr/bin/gmake  -f CMakeFiles/cmTC_7fc40.dir/build.make CMakeFiles/cmTC_7fc40.dir/build
gmake[1]: Entering directory '/home/blubridge-040/Desktop/permanant/binary-function-definition/build/CMakeFiles/CMakeTmp'
Building C object CMakeFiles/cmTC_7fc40.dir/src.c.o
/usr/bin/cc -DC_SUPPORTS_CTAD_MAYBE_UNSPPORTED_FLAG  -fPIC -fno-semantic-interposition -Werror=date-time -fno-lifetime-dse -Wall -Wextra -Wno-unused-parameter -Wwrite-strings -Wcast-qual -Wno-missing-field-initializers -Wimplicit-fallthrough -Wno-comment  -fPIE   -Werror -Wctad-maybe-unsupported -o CMakeFiles/cmTC_7fc40.dir/src.c.o -c /home/blubridge-040/Desktop/permanant/binary-function-definition/build/CMakeFiles/CMakeTmp/src.c
cc1: error: command-line option '-Wctad-maybe-unsupported' is valid for C++/ObjC++ but not for C [-Werror]
cc1: all warnings being treated as errors
gmake[1]: *** [CMakeFiles/cmTC_7fc40.dir/build.make:78: CMakeFiles/cmTC_7fc40.dir/src.c.o] Error 1
gmake[1]: Leaving directory '/home/blubridge-040/Desktop/permanant/binary-function-definition/build/CMakeFiles/CMakeTmp'
gmake: *** [Makefile:127: cmTC_7fc40/fast] Error 2


Source file was:
int main(void) { return 0; }
Determining if the os_signpost_interval_begin exist failed with the following output:
Change Dir: /home/blubridge-040/Desktop/permanant/binary-function-definition/build/CMakeFiles/CMakeTmp

Run Build Command(s):/usr/bin/gmake -f Makefile cmTC_89875/fast && /usr/bin/gmake  -f CMakeFiles/cmTC_89875.dir/build.make CMakeFiles/cmTC_89875.dir/build
gmake[1]: Entering directory '/home/blubridge-040/Desktop/permanant/binary-function-definition/build/CMakeFiles/CMakeTmp'
Building C object CMakeFiles/cmTC_89875.dir/CheckSymbolExists.c.o
/usr/bin/cc   -fPIC -fno-semantic-interposition -fno-lifetime-dse -Wall -Wextra -Wno-unused-parameter -Wwrite-strings -Wcast-qual -Wno-missing-field-initializers -Wimplicit-fallthrough -Wno-comment -ffunction-sections -fdata-sections  -fPIE -o CMakeFiles/cmTC_89875.dir/CheckSymbolExists.c.o -c /home/blubridge-040/Desktop/permanant/binary-function-definition/build/CMakeFiles/CMakeTmp/CheckSymbolExists.c
/home/blubridge-040/Desktop/permanant/binary-function-definition/build/CMakeFiles/CMakeTmp/CheckSymbolExists.c:2:10: fatal error: os/signpost.h: No such file or directory
    2 | #include <os/signpost.h>
      |          ^~~~~~~~~~~~~~~
compilation terminated.
gmake[1]: *** [CMakeFiles/cmTC_89875.dir/build.make:78: CMakeFiles/cmTC_89875.dir/CheckSymbolExists.c.o] Error 1
gmake[1]: Leaving directory '/home/blubridge-040/Desktop/permanant/binary-function-definition/build/CMakeFiles/CMakeTmp'
gmake: *** [Makefile:127: cmTC_89875/fast] Error 2


File /home/blubridge-040/Desktop/permanant/binary-function-definition/build/CMakeFiles/CMakeTmp/CheckSymbolExists.c:
/* */
#include <os/signpost.h>

int main(int argc, char** argv)
{
  (void)argv;
#ifndef os_signpost_interval_begin
  return ((int*)(&os_signpost_interval_begin))[argc];
#else
  (void)argc;
  return 0;
#endif
}
